<?xml version="1.0" encoding="UTF-8"?>
<testsuite xmlns:xsi="http://www.w3.org/2001/XMLSchema-instance" xsi:noNamespaceSchemaLocation="https://maven.apache.org/surefire/maven-surefire-plugin/xsd/surefire-test-report-3.0.xsd" version="3.0" name="com.example.AdditionTest" time="3.955" tests="1" errors="0" skipped="0" failures="0">
  <properties>
[...]
</properties>
  <testcase name="testAdditionRandom" classname="com.example.AdditionTest" time="3.924">
    <system-out><![CDATA[Starting random addition tests...

Test 1: -55.00 + 64.00 = 9.00 (expected) → actual: 9.00 ✓
Test 2: -72.00 + -9.00 = -81.00 (expected) → actual: -81.00 ✓
Test 3: -70.00 + -2.00 = -72.00 (expected) → actual: -72.00 ✓
Test 4: -70.00 + -45.00 = -115.00 (expected) → actual: -115.00 ✓
Test 5: -100.00 + -94.00 = -194.00 (expected) → actual: -194.00 ✓
Test 6: 85.00 + 10.00 = 95.00 (expected) → actual: 95.00 ✓
Test 7: 50.00 + 85.00 = 135.00 (expected) → actual: 135.00 ✓
Test 8: -29.00 + -59.00 = -88.00 (expected) → actual: -88.00 ✓
Test 9: 71.00 + 19.00 = 90.00 (expected) → actual: 90.00 ✓
Test 10: -12.00 + -11.00 = -23.00 (expected) → actual: -23.00 ✓

All tests passed successfully!

]]></system-out>
    <system-err><![CDATA[[main] INFO io.github.bonigarcia.wdm.WebDriverManager - Exporting webdriver.chrome.driver as C:\Users\5023134\.cache\selenium\chromedriver\win64\145.0.7632.117\chromedriver.exe
Feb 27, 2026 3:17:19 PM org.openqa.selenium.devtools.CdpVersionFinder findNearestMatch
WARNING: Unable to find CDP implementation matching 145
Feb 27, 2026 3:17:19 PM org.openqa.selenium.chromium.ChromiumDriver lambda$new$5
WARNING: Unable to find version of CDP to use for 145.0.7632.117. You may need to include a dependency on a specific version of the CDP using something similar to `org.seleniumhq.selenium:selenium-devtools-v86:4.27.0` where the version ("v86") matches the version of the chromium-based browser you're using and the version number of the artifact is the same as Selenium's.
]]></system-err>
  </testcase>
</testsuite>